**********************
Windows PowerShell transcript start
Start time: 20240307152532
Username: DESKTOP-51QA6BQ\Administrator
RunAs User: DESKTOP-51QA6BQ\Administrator
Configuration Name: 
Machine: DESKTOP-51QA6BQ (Microsoft Windows NT 10.0.22631.0)
Host Application: C:\Windows\System32\WindowsPowerShell\v1.0\powershell.exe -file  D:\Yi.Solutions\_Encapsulation\_Zip.ps1 
Process ID: 6488
PSVersion: 5.1.22621.2506
PSEdition: Desktop
PSCompatibleVersions: 1.0, 2.0, 3.0, 4.0, 5.0, 5.1.22621.2506
BuildVersion: 10.0.22621.2506
CLRVersion: 4.0.30319.42000
WSManStackVersion: 3.0
PSRemotingProtocolVersion: 2.3
SerializationVersion: 1.1.0.1
**********************

   Convert all packages to zip
   --------------------------------------------------------------------------------
   D:\Yi.Solutions\_Encapsulation\_Custom\Software\00\7z\arm64\en-US\7z.zip
   Existed
   D:\Yi.Solutions\_Encapsulation\_Custom\Software\00\7z\AMD64\en-US\7z.zip
   Existed
   D:\Yi.Solutions\_Encapsulation\_Custom\Software\00\7z\x86\en-US\7z.zip
   Existed
   D:\Yi.Solutions\_Encapsulation\_Custom\Software\00\Google Chrome\x86\en-US\Google Chrome.zip
   Existed
   D:\Yi.Solutions\_Encapsulation\_Custom\Software\00\Google Chrome\x86\ja-JP\Google Chrome.zip
   Existed
   D:\Yi.Solutions\_Encapsulation\_Custom\Software\00\Google Chrome\x86\ko-KR\Google Chrome.zip
   Existed
   D:\Yi.Solutions\_Encapsulation\_Custom\Software\00\Google Chrome\x86\zh-CN\Google Chrome.zip
   Existed
   D:\Yi.Solutions\_Encapsulation\_Custom\Software\00\Google Chrome\x86\zh-TW\Google Chrome.zip
   Existed
   D:\Yi.Solutions\_Encapsulation\_Custom\Software\00\Google Chrome Canary\x86\en-US\Google Chrome Canary.zip
   Existed
   D:\Yi.Solutions\_Encapsulation\_Custom\Software\00\Google Chrome Canary\x86\ja-JP\Google Chrome Canary.zip
   Existed
   D:\Yi.Solutions\_Encapsulation\_Custom\Software\00\Google Chrome Canary\x86\ko-KR\Google Chrome Canary.zip
   Existed
   D:\Yi.Solutions\_Encapsulation\_Custom\Software\00\Google Chrome Canary\x86\zh-CN\Google Chrome Canary.zip
   Existed
   D:\Yi.Solutions\_Encapsulation\_Custom\Software\00\Google Chrome Canary\x86\zh-TW\Google Chrome Canary.zip
   Existed
   D:\Yi.Solutions\_Encapsulation\_Custom\Software\00\WinRAR\AMD64\en-US\WinRAR.zip
   Existed
   D:\Yi.Solutions\_Encapsulation\_Custom\Software\00\WinRAR\AMD64\zh-CN\WinRAR.zip
   Add queue
Complete

   D:\Yi.Solutions\_Encapsulation\_Custom\Software\00\WinRAR\x86\en-US\WinRAR.zip
   Existed
   D:\Yi.Solutions\_Encapsulation\_Custom\Software\00\WinRAR\x86\zh-CN\WinRAR.zip
   Add queue
Complete


   Waiting in queue
   * D:\Yi.Solutions\_Encapsulation\_Custom\Software\00\WinRAR\AMD64\zh-CN\WinRAR.zip
   Building
   D:\Yi.Solutions\_Encapsulation\_Custom\Software\00\WinRAR\AMD64\zh-CN\WinRAR.zip.sha256
   Building
   Complete
   Complete
   * D:\Yi.Solutions\_Encapsulation\_Custom\Software\00\WinRAR\x86\zh-CN\WinRAR.zip
   Building
   D:\Yi.Solutions\_Encapsulation\_Custom\Software\00\WinRAR\x86\zh-CN\WinRAR.zip.sha256
   Building
   Complete
   Complete
PS>$global:?
True
**********************
Windows PowerShell transcript end
End time: 20240307152539
**********************
