**********************
Windows PowerShell transcript start
Start time: 20240224230627
Username: DESKTOP-S10HKG0\Administrator
RunAs User: DESKTOP-S10HKG0\Administrator
Configuration Name: 
Machine: DESKTOP-S10HKG0 (Microsoft Windows NT 10.0.22631.0)
Host Application: C:\Windows\System32\WindowsPowerShell\v1.0\powershell.exe -file  D:\Yi.Solutions\_Encapsulation\_Custom\Engine\LXPs\LXPs.ps1 
Process ID: 12464
PSVersion: 5.1.22621.2506
PSEdition: Desktop
PSCompatibleVersions: 1.0, 2.0, 3.0, 4.0, 5.0, 5.1.22621.2506
BuildVersion: 10.0.22621.2506
CLRVersion: 4.0.30319.42000
WSManStackVersion: 3.0
PSRemotingProtocolVersion: 2.3
SerializationVersion: 1.1.0.1
**********************

   Author: Yi ( https://fengyi.tel )

   From: Yi's Solutions
   buildstring: 1.0.0.6.bs_release.230429-1208
   Menu
   --------------------------------------------------------------------------------
      1   Check for updates
      2   Local language experience pack ( LXPs )

      L   Switch language
      R   Reload the module

   Local language experience pack ( LXPs )
   The user has cancelled the operation.

   Automatically return to the main menu after 2 seconds.
