**********************
Windows PowerShell transcript start
Start time: 20240211140734
Username: DESKTOP-PIPVU8K\Administrator
RunAs User: DESKTOP-PIPVU8K\Administrator
Configuration Name: 
Machine: DESKTOP-PIPVU8K (Microsoft Windows NT 10.0.22631.0)
Host Application: C:\Windows\System32\WindowsPowerShell\v1.0\powershell.exe -file  D:\Yi.Solutions\_Encapsulation\_Custom\Engine\LXPs\LXPs.ps1 
Process ID: 4912
PSVersion: 5.1.22621.2506
PSEdition: Desktop
PSCompatibleVersions: 1.0, 2.0, 3.0, 4.0, 5.0, 5.1.22621.2506
BuildVersion: 10.0.22621.2506
CLRVersion: 4.0.30319.42000
WSManStackVersion: 3.0
PSRemotingProtocolVersion: 2.3
SerializationVersion: 1.1.0.1
**********************

   Author: Yi ( https://fengyi.tel )

   From: Yi's Solutions
   buildstring: 1.0.0.5.bs_release.230429-1208
   Menu
   --------------------------------------------------------------------------------
      1   Check for updates
      2   Local language experience pack ( LXPs )

      L   Switch language
      R   Reload the module

   Local language experience pack ( LXPs )
   There are tasks in the queue

   Add source: 
   --------------------------------------------------------------------------------
   ja-JP
   ko-KR
   zh-CN
   zh-TW

   Processing source
   --------------------------------------------------------------------------------
   ja-JP                                        Japanese (Japan)
   Save to:
   D:\Yi.Solutions\_Encapsulation\_Custom\Engine\LXPs\Download\19041\LocalExperiencePack\ja-JP
   LanguageExperiencePack.ja-JP.Neutral.appx
   Download link: https://www.microsoft.com/store/productId/9N1W692FV4S1
   Downloading in progress
   Microsoft.LanguageExperiencePackja-JP_19041.69.236.0_neutral__8wekyb3d8bbwe.appx
   Complete

   Automatically rename by rules
   Available
   LanguageExperiencePack.ja-JP.Neutral.appx
   Complete

   Create License.xml certificate
   Available
   D:\Yi.Solutions\_Encapsulation\_Custom\Engine\LXPs\Download\19041\LocalExperiencePack\ja-JP\LanguageExperiencePack.ja-JP.Neutral.appx
   Complete
   ko-KR                                        Korean (Korea)
   Save to:
   D:\Yi.Solutions\_Encapsulation\_Custom\Engine\LXPs\Download\19041\LocalExperiencePack\ko-KR
   LanguageExperiencePack.ko-KR.Neutral.appx
   Download link: https://www.microsoft.com/store/productId/9N4TXPCVRNGF
   Downloading in progress
   Microsoft.LanguageExperiencePackko-KR_19041.69.239.0_neutral__8wekyb3d8bbwe.appx
   Complete

   Automatically rename by rules
   Available
   LanguageExperiencePack.ko-KR.Neutral.appx
   Complete

   Create License.xml certificate
   Available
   D:\Yi.Solutions\_Encapsulation\_Custom\Engine\LXPs\Download\19041\LocalExperiencePack\ko-KR\LanguageExperiencePack.ko-KR.Neutral.appx
   Complete
   zh-CN                                        Chinese (Simplified, China)
   Save to:
   D:\Yi.Solutions\_Encapsulation\_Custom\Engine\LXPs\Download\19041\LocalExperiencePack\zh-CN
   LanguageExperiencePack.zh-CN.Neutral.appx
   Download link: https://www.microsoft.com/store/productId/9NRMNT6GMZ70
   Downloading in progress
   Microsoft.LanguageExperiencePackzh-CN_19041.70.233.0_neutral__8wekyb3d8bbwe.appx
   Complete

   Automatically rename by rules
   Available
   LanguageExperiencePack.zh-CN.Neutral.appx
   Complete

   Create License.xml certificate
   Available
   D:\Yi.Solutions\_Encapsulation\_Custom\Engine\LXPs\Download\19041\LocalExperiencePack\zh-CN\LanguageExperiencePack.zh-CN.Neutral.appx
   Complete
   zh-TW                                        Chinese (Traditional, Taiwan)
   Save to:
   D:\Yi.Solutions\_Encapsulation\_Custom\Engine\LXPs\Download\19041\LocalExperiencePack\zh-TW
   LanguageExperiencePack.zh-TW.Neutral.appx
   Download link: https://www.microsoft.com/store/productId/9PCJ4DHCQ1JQ
   Downloading in progress
   Microsoft.LanguageExperiencePackzh-TW_19041.69.239.0_neutral__8wekyb3d8bbwe.appx
   Complete

   Automatically rename by rules
   Available
   LanguageExperiencePack.zh-TW.Neutral.appx
   Complete

   Create License.xml certificate
   Available
   D:\Yi.Solutions\_Encapsulation\_Custom\Engine\LXPs\Download\19041\LocalExperiencePack\zh-TW\LanguageExperiencePack.zh-TW.Neutral.appx
   Complete

   Automatically return to the main menu after 2 seconds.

   Author: Yi ( https://fengyi.tel )

   From: Yi's Solutions
   buildstring: 1.0.0.5.bs_release.230429-1208
   Menu
   --------------------------------------------------------------------------------
      1   Check for updates
      2   Local language experience pack ( LXPs )

      L   Switch language
      R   Reload the module

   Local language experience pack ( LXPs )
   The user has cancelled the operation.

   Automatically return to the main menu after 2 seconds.

   Author: Yi ( https://fengyi.tel )

   From: Yi's Solutions
   buildstring: 1.0.0.5.bs_release.230429-1208
   Menu
   --------------------------------------------------------------------------------
      1   Check for updates
      2   Local language experience pack ( LXPs )

      L   Switch language
      R   Reload the module

   Reload the module

  There is no language pack locally, it will automatically exit after 6 seconds.
