**********************
Windows PowerShell transcript start
Start time: 20240224230555
Username: DESKTOP-S10HKG0\Administrator
RunAs User: DESKTOP-S10HKG0\Administrator
Configuration Name: 
Machine: DESKTOP-S10HKG0 (Microsoft Windows NT 10.0.22631.0)
Host Application: C:\Windows\System32\WindowsPowerShell\v1.0\powershell.exe -file  D:\Yi.Solutions\_Encapsulation\_Custom\Engine\LXPs\_Create.Upgrade.Package.ps1 
Process ID: 9644
PSVersion: 5.1.22621.2506
PSEdition: Desktop
PSCompatibleVersions: 1.0, 2.0, 3.0, 4.0, 5.0, 5.1.22621.2506
BuildVersion: 10.0.22621.2506
CLRVersion: 4.0.30319.42000
WSManStackVersion: 3.0
PSRemotingProtocolVersion: 2.3
SerializationVersion: 1.1.0.1
**********************

   Author: Yi ( https://fengyi.tel )

   From: Yi's Solutions
   buildstring: 1.0.0.6.bs_release.230429-1208
   Create upgrade package
   --------------------------------------------------------------------------------
   * Generating latest.zip
     Complete
   * Generating D:\Yi\Documents\Temp.LXPs.Upgrade.Package\latest.zip.sha256
     Complete
PS>$global:?
True
**********************
Windows PowerShell transcript end
End time: 20240224230600
**********************
