**********************
Windows PowerShell transcript start
Start time: 20240308230504
Username: DESKTOP-51QA6BQ\Administrator
RunAs User: DESKTOP-51QA6BQ\Administrator
Configuration Name: 
Machine: DESKTOP-51QA6BQ (Microsoft Windows NT 10.0.22631.0)
Host Application: C:\Windows\System32\WindowsPowerShell\v1.0\powershell.exe -file D:\Yi.Solutions\_Encapsulation\Modules\Router\..\..\_Sip.ps1
Process ID: 14612
PSVersion: 5.1.22621.2506
PSEdition: Desktop
PSCompatibleVersions: 1.0, 2.0, 3.0, 4.0, 5.0, 5.1.22621.2506
BuildVersion: 10.0.22621.2506
CLRVersion: 4.0.30319.42000
WSManStackVersion: 3.0
PSRemotingProtocolVersion: 2.3
SerializationVersion: 1.1.0.1
**********************

   Yi's Solutions, v1.0.0.0
   https://github.com/ilikeyi/solutions

   Dashboard
   --------------------------------------------------------------------------------
   Save the log to
 D:\Yi.Solutions\_Encapsulation\Logs\Log-20240308230454

   Image source
   --------------------------------------------------------------------------------
   D:\OS

   Choose your country or region.
   --------------------------------------------------------------------------------

   Yi's Solutions, v1.0.0.0
   https://github.com/ilikeyi/solutions

   仪表板
   --------------------------------------------------------------------------------
   保存日志到
 D:\Yi.Solutions\_Encapsulation\Logs\Log-20240308230454

   映像源
   --------------------------------------------------------------------------------
   D:\OS
   未选择

   挂载到, 主目录
   D:\OS\en-us_windows_11_business_editions_version_23h2_x64_dvd_a9092734_Custom

   主目录
   D:\OS\en-us_windows_11_business_editions_version_23h2_x64_dvd_a9092734

 Install
   未挂载

 Boot
   未挂载

   临时目录
   C:\Users\Administrator\AppData\Local\Temp

   语言
   en-US

   代号
   11

   安装类型
   桌面

   体系结构
   AMD64

   清除所有事件
   清除所有
   完成

   可前往
   --------------------------------------------------------------------------------
   不前往
   
   2 秒后自动返回到主菜单。

   Yi's Solutions, v1.0.0.0
   https://github.com/ilikeyi/solutions

   仪表板
   --------------------------------------------------------------------------------
   挂载到
D:\OS\en-us_windows_11_business_editions_version_23h2_x64_dvd_a9092734_Custom
   主目录
D:\OS\en-us_windows_11_business_editions_version_23h2_x64_dvd_a9092734

 Install
   未挂载

 Boot
   未挂载

   事件
   --------------------------------------------------------------------------------
      A
自动驾驶
      C
自定义分配已知事件

   映像源
   --------------------------------------------------------------------------------
      1
挂载,
添加,
删除,
更新,
提取,
导出,
重建,
应用
      2
生成 ISO
      3
更多功能
      4
互转, 合并, 拆分

   有新的挂载映像时
   --------------------------------------------------------------------------------
     11
挂载状态:
挂载, 卸载
     12   解决方案:
创建,
删除
     13   语言:
提取,
添加,
删除,
切换语言
     14   收件箱应用:
添加,
删除,
更新
     15   累积更新:
添加,
删除
     16   驱动:
添加,
删除
     17   映像版本:
更改, 产品密钥
     18   Windows 功能:
启用,
禁用
     19   PowerShell 函数:
运行前,
完成后

      S
设置
      R
重新加载模块

   Yi's Solutions, v1.0.0.0
   https://github.com/ilikeyi/solutions

   仪表板
   --------------------------------------------------------------------------------
   挂载到
D:\OS\en-us_windows_11_business_editions_version_23h2_x64_dvd_a9092734_Custom
   主目录
D:\OS\en-us_windows_11_business_editions_version_23h2_x64_dvd_a9092734

 Install
   未挂载

 Boot
   未挂载

   收件箱应用
   --------------------------------------------------------------------------------
   未选择主键：Install、WinRE、Boot
   
   2 秒后自动返回到主菜单。

   Yi's Solutions, v1.0.0.0
   https://github.com/ilikeyi/solutions

   仪表板
   --------------------------------------------------------------------------------
   挂载到
D:\OS\en-us_windows_11_business_editions_version_23h2_x64_dvd_a9092734_Custom
   主目录
D:\OS\en-us_windows_11_business_editions_version_23h2_x64_dvd_a9092734

 Install
   未挂载

 Boot
   未挂载

   事件
   --------------------------------------------------------------------------------
      A
自动驾驶
      C
自定义分配已知事件

   映像源
   --------------------------------------------------------------------------------
      1
挂载,
添加,
删除,
更新,
提取,
导出,
重建,
应用
      2
生成 ISO
      3
更多功能
      4
互转, 合并, 拆分

   有新的挂载映像时
   --------------------------------------------------------------------------------
     11
挂载状态:
挂载, 卸载
     12   解决方案:
创建,
删除
     13   语言:
提取,
添加,
删除,
切换语言
     14   收件箱应用:
添加,
删除,
更新
     15   累积更新:
添加,
删除
     16   驱动:
添加,
删除
     17   映像版本:
更改, 产品密钥
     18   Windows 功能:
启用,
禁用
     19   PowerShell 函数:
运行前,
完成后

      S
设置
      R
重新加载模块

   群组:
Install;Install;
   首选主键:
Install;Install;wim;
   路径:
D:\OS\en-us_windows_11_business_editions_version_23h2_x64_dvd_a9092734\sources\install.wim

   首选主键
   Install;Install;wim;
   刷新
完成
   设置
完成
   
   2 秒后自动返回到主菜单。

   Yi's Solutions, v1.0.0.0
   https://github.com/ilikeyi/solutions

   仪表板
   --------------------------------------------------------------------------------
   挂载到
D:\OS\en-us_windows_11_business_editions_version_23h2_x64_dvd_a9092734_Custom
   主目录
D:\OS\en-us_windows_11_business_editions_version_23h2_x64_dvd_a9092734
   [*]
 Install
   未挂载

 Boot
   未挂载

   事件
   --------------------------------------------------------------------------------
      A
自动驾驶
      C
自定义分配已知事件

   映像源
   --------------------------------------------------------------------------------
      1
挂载,
添加,
删除,
更新,
提取,
导出,
重建,
应用
      2
生成 ISO
      3
更多功能
      4
互转, 合并, 拆分

   有新的挂载映像时
   --------------------------------------------------------------------------------
     11
挂载状态:
挂载, 卸载
     12   解决方案:
创建,
删除
     13   语言:
提取,
添加,
删除,
切换语言
     14   收件箱应用:
添加,
删除,
更新
     15   累积更新:
添加,
删除
     16   驱动:
添加,
删除
     17   映像版本:
更改, 产品密钥
     18   Windows 功能:
启用,
禁用
     19   PowerShell 函数:
运行前,
完成后

      S
设置
      R
重新加载模块

   Yi's Solutions, v1.0.0.0
   https://github.com/ilikeyi/solutions

   仪表板
   --------------------------------------------------------------------------------
   挂载到
D:\OS\en-us_windows_11_business_editions_version_23h2_x64_dvd_a9092734_Custom
   主目录
D:\OS\en-us_windows_11_business_editions_version_23h2_x64_dvd_a9092734
   [*]
 Install
   未挂载

 Boot
   未挂载

   用户交互: 有新的挂载映像时 ( 0 ) 项
   --------------------------------------------------------------------------------
   无任务

   用户交互: 没有挂载映像时 ( 1 ) 项
   --------------------------------------------------------------------------------
   Image_Convert_UI

   互转, 合并, 拆分
   --------------------------------------------------------------------------------

   用户交互: 没有挂载映像时 ( 1 ) 项
   --------------------------------------------------------------------------------
   ISO_Create_UI

   生成 ISO
   --------------------------------------------------------------------------------
   用户已取消操作。

   清除所有事件
   清除所有
   完成

   允许更新规则
   --------------------------------------------------------------------------------
   挂载状态
   未挂载

   唯一命名:
Install;WinRe;

   允许更新规则 ( 0 ) 项
   --------------------------------------------------------------------------------
   无任务

   重建中
   --------------------------------------------------------------------------------
   不可操作

   互转, 合并, 拆分
   --------------------------------------------------------------------------------
   不可操作

   生成 ISO
   --------------------------------------------------------------------------------
   不可操作

   关联 ISO 方案
   --------------------------------------------------------------------------------
   不可操作

   PowerShell 函数: 不受限制
   --------------------------------------------------------------------------------
   不可操作

   有可用任务或事件时
   --------------------------------------------------------------------------------
   暂停

   完成，按任意键返回主界面...
   完成
   
   2 秒后自动返回到主菜单。

   Yi's Solutions, v1.0.0.0
   https://github.com/ilikeyi/solutions

   仪表板
   --------------------------------------------------------------------------------
   挂载到
D:\OS\en-us_windows_11_business_editions_version_23h2_x64_dvd_a9092734_Custom
   主目录
D:\OS\en-us_windows_11_business_editions_version_23h2_x64_dvd_a9092734
   [*]
 Install
   未挂载

 Boot
   未挂载

   事件
   --------------------------------------------------------------------------------
      A
自动驾驶
      C
自定义分配已知事件

   映像源
   --------------------------------------------------------------------------------
      1
挂载,
添加,
删除,
更新,
提取,
导出,
重建,
应用
      2
生成 ISO
      3
更多功能
      4
互转, 合并, 拆分

   有新的挂载映像时
   --------------------------------------------------------------------------------
     11
挂载状态:
挂载, 卸载
     12   解决方案:
创建,
删除
     13   语言:
提取,
添加,
删除,
切换语言
     14   收件箱应用:
添加,
删除,
更新
     15   累积更新:
添加,
删除
     16   驱动:
添加,
删除
     17   映像版本:
更改, 产品密钥
     18   Windows 功能:
启用,
禁用
     19   PowerShell 函数:
运行前,
完成后

      S
设置
      R
重新加载模块

   Yi's Solutions, v1.0.0.0
   https://github.com/ilikeyi/solutions

   仪表板
   --------------------------------------------------------------------------------
   挂载到
D:\OS\en-us_windows_11_business_editions_version_23h2_x64_dvd_a9092734_Custom
   主目录
D:\OS\en-us_windows_11_business_editions_version_23h2_x64_dvd_a9092734
   [*]
 Install
   未挂载

 Boot
   未挂载

   自定义分配已知事件
   --------------------------------------------------------------------------------
   用户已取消操作。

   用户交互: 没有挂载映像时 ( 0 ) 项
   --------------------------------------------------------------------------------
   无任务

   用户交互: 没有挂载映像时 ( 0 ) 项
   --------------------------------------------------------------------------------
   无任务

   处理所有已知任务
   --------------------------------------------------------------------------------
   开始时间：
 2024/03/08 23:06:32 PM
   无任务

   互转, 合并, 拆分
   --------------------------------------------------------------------------------
   不可操作

   生成 ISO
   --------------------------------------------------------------------------------
   不可操作

   关联 ISO 方案
   --------------------------------------------------------------------------------
   不可操作

   --------------------------------------------------------------------------------
   开始时间：
2024/03/08 23:06:32 PM
   完成时间：
2024/03/08 23:06:32 PM
   共耗时间：
00:00:00.0420747
   共耗时间：
42 毫秒
   --------------------------------------------------------------------------------

   有可用任务或事件时
   --------------------------------------------------------------------------------
   暂停

   完成，按任意键返回主界面...
